1768786781.276168 client started (9467): version 3.6a, socket /tmp/tmux-1000/default, protocol 8
1768786781.276220 on Linux 6.18.4-arch1-1-surface #1 SMP PREEMPT_DYNAMIC Sat, 10 Jan 2026 23:19:36 +0000
1768786781.276227 using libevent 2.1.12-stable poll
1768786781.276230 using ncurses 6.5 20240427
1768786781.276254 flags are 0x10010000
1768786781.276269 socket is /tmp/tmux-1000/default
1768786781.276286 trying connect
1768786781.276337 add peer 0x55d92bd146a0: 6 ((nil))
1768786781.276827 sending message 111 to peer 0x55d92bd146a0 (8 bytes)
1768786781.276836 sending message 111 to peer 0x55d92bd146a0 (8 bytes)
1768786781.276841 sending message 101 to peer 0x55d92bd146a0 (14 bytes)
1768786781.276845 sending message 109 to peer 0x55d92bd146a0 (4 bytes)
1768786781.276850 sending message 102 to peer 0x55d92bd146a0 (11 bytes)
1768786781.276854 sending message 108 to peer 0x55d92bd146a0 (47 bytes)
1768786781.276859 sending message 112 to peer 0x55d92bd146a0 (70 bytes)
1768786781.276863 sending message 112 to peer 0x55d92bd146a0 (5 bytes)
1768786781.276867 sending message 112 to peer 0x55d92bd146a0 (5 bytes)
1768786781.276870 sending message 112 to peer 0x55d92bd146a0 (6 bytes)
1768786781.276874 sending message 112 to peer 0x55d92bd146a0 (6 bytes)
1768786781.276878 sending message 112 to peer 0x55d92bd146a0 (11 bytes)
1768786781.276882 sending message 112 to peer 0x55d92bd146a0 (10 bytes)
1768786781.276886 sending message 112 to peer 0x55d92bd146a0 (13 bytes)
1768786781.276890 sending message 112 to peer 0x55d92bd146a0 (13 bytes)
1768786781.276894 sending message 112 to peer 0x55d92bd146a0 (18 bytes)
1768786781.276897 sending message 112 to peer 0x55d92bd146a0 (11 bytes)
1768786781.276901 sending message 112 to peer 0x55d92bd146a0 (10 bytes)
1768786781.276905 sending message 112 to peer 0x55d92bd146a0 (15 bytes)
1768786781.276909 sending message 112 to peer 0x55d92bd146a0 (21 bytes)
1768786781.276912 sending message 112 to peer 0x55d92bd146a0 (13 bytes)
1768786781.276916 sending message 112 to peer 0x55d92bd146a0 (7 bytes)
1768786781.276920 sending message 112 to peer 0x55d92bd146a0 (13 bytes)
1768786781.276924 sending message 112 to peer 0x55d92bd146a0 (7 bytes)
1768786781.276928 sending message 112 to peer 0x55d92bd146a0 (13 bytes)
1768786781.276931 sending message 112 to peer 0x55d92bd146a0 (9 bytes)
1768786781.276935 sending message 112 to peer 0x55d92bd146a0 (21 bytes)
1768786781.276939 sending message 112 to peer 0x55d92bd146a0 (13 bytes)
1768786781.276943 sending message 112 to peer 0x55d92bd146a0 (8 bytes)
1768786781.276947 sending message 112 to peer 0x55d92bd146a0 (12 bytes)
1768786781.276951 sending message 112 to peer 0x55d92bd146a0 (13 bytes)
1768786781.276954 sending message 112 to peer 0x55d92bd146a0 (9 bytes)
1768786781.276958 sending message 112 to peer 0x55d92bd146a0 (9 bytes)
1768786781.276962 sending message 112 to peer 0x55d92bd146a0 (12 bytes)
1768786781.276966 sending message 112 to peer 0x55d92bd146a0 (8 bytes)
1768786781.276970 sending message 112 to peer 0x55d92bd146a0 (8 bytes)
1768786781.276973 sending message 112 to peer 0x55d92bd146a0 (7 bytes)
1768786781.276977 sending message 112 to peer 0x55d92bd146a0 (7 bytes)
1768786781.276981 sending message 112 to peer 0x55d92bd146a0 (9 bytes)
1768786781.276984 sending message 112 to peer 0x55d92bd146a0 (13 bytes)
1768786781.276988 sending message 112 to peer 0x55d92bd146a0 (6 bytes)
1768786781.276992 sending message 112 to peer 0x55d92bd146a0 (9 bytes)
1768786781.276996 sending message 112 to peer 0x55d92bd146a0 (15 bytes)
1768786781.277000 sending message 112 to peer 0x55d92bd146a0 (13 bytes)
1768786781.277003 sending message 112 to peer 0x55d92bd146a0 (12 bytes)
1768786781.277007 sending message 112 to peer 0x55d92bd146a0 (8 bytes)
1768786781.277011 sending message 112 to peer 0x55d92bd146a0 (14 bytes)
1768786781.277015 sending message 112 to peer 0x55d92bd146a0 (11 bytes)
1768786781.277018 sending message 112 to peer 0x55d92bd146a0 (9 bytes)
1768786781.277022 sending message 112 to peer 0x55d92bd146a0 (10 bytes)
1768786781.277026 sending message 112 to peer 0x55d92bd146a0 (10 bytes)
1768786781.277042 sending message 112 to peer 0x55d92bd146a0 (10 bytes)
1768786781.277047 sending message 112 to peer 0x55d92bd146a0 (10 bytes)
1768786781.277051 sending message 112 to peer 0x55d92bd146a0 (11 bytes)
1768786781.277055 sending message 112 to peer 0x55d92bd146a0 (12 bytes)
1768786781.277059 sending message 112 to peer 0x55d92bd146a0 (12 bytes)
1768786781.277063 sending message 112 to peer 0x55d92bd146a0 (12 bytes)
1768786781.277067 sending message 112 to peer 0x55d92bd146a0 (12 bytes)
1768786781.277070 sending message 112 to peer 0x55d92bd146a0 (12 bytes)
1768786781.277074 sending message 112 to peer 0x55d92bd146a0 (11 bytes)
1768786781.277078 sending message 112 to peer 0x55d92bd146a0 (11 bytes)
1768786781.277082 sending message 112 to peer 0x55d92bd146a0 (12 bytes)
1768786781.277086 sending message 112 to peer 0x55d92bd146a0 (12 bytes)
1768786781.277089 sending message 112 to peer 0x55d92bd146a0 (12 bytes)
1768786781.277093 sending message 112 to peer 0x55d92bd146a0 (12 bytes)
1768786781.277097 sending message 112 to peer 0x55d92bd146a0 (12 bytes)
1768786781.277101 sending message 112 to peer 0x55d92bd146a0 (10 bytes)
1768786781.277105 sending message 112 to peer 0x55d92bd146a0 (12 bytes)
1768786781.277108 sending message 112 to peer 0x55d92bd146a0 (13 bytes)
1768786781.277112 sending message 112 to peer 0x55d92bd146a0 (13 bytes)
1768786781.277116 sending message 112 to peer 0x55d92bd146a0 (13 bytes)
1768786781.277120 sending message 112 to peer 0x55d92bd146a0 (13 bytes)
1768786781.277124 sending message 112 to peer 0x55d92bd146a0 (13 bytes)
1768786781.277127 sending message 112 to peer 0x55d92bd146a0 (8 bytes)
1768786781.277131 sending message 112 to peer 0x55d92bd146a0 (11 bytes)
1768786781.277135 sending message 112 to peer 0x55d92bd146a0 (11 bytes)
1768786781.277139 sending message 112 to peer 0x55d92bd146a0 (11 bytes)
1768786781.277143 sending message 112 to peer 0x55d92bd146a0 (12 bytes)
1768786781.277147 sending message 112 to peer 0x55d92bd146a0 (12 bytes)
1768786781.277151 sending message 112 to peer 0x55d92bd146a0 (12 bytes)
1768786781.277155 sending message 112 to peer 0x55d92bd146a0 (12 bytes)
1768786781.277158 sending message 112 to peer 0x55d92bd146a0 (13 bytes)
1768786781.277162 sending message 112 to peer 0x55d92bd146a0 (13 bytes)
1768786781.277166 sending message 112 to peer 0x55d92bd146a0 (13 bytes)
1768786781.277170 sending message 112 to peer 0x55d92bd146a0 (8 bytes)
1768786781.277174 sending message 112 to peer 0x55d92bd146a0 (13 bytes)
1768786781.277178 sending message 112 to peer 0x55d92bd146a0 (13 bytes)
1768786781.277181 sending message 112 to peer 0x55d92bd146a0 (13 bytes)
1768786781.277185 sending message 112 to peer 0x55d92bd146a0 (13 bytes)
1768786781.277189 sending message 112 to peer 0x55d92bd146a0 (13 bytes)
1768786781.277193 sending message 112 to peer 0x55d92bd146a0 (12 bytes)
1768786781.277197 sending message 112 to peer 0x55d92bd146a0 (12 bytes)
1768786781.277201 sending message 112 to peer 0x55d92bd146a0 (12 bytes)
1768786781.277204 sending message 112 to peer 0x55d92bd146a0 (12 bytes)
1768786781.277208 sending message 112 to peer 0x55d92bd146a0 (13 bytes)
1768786781.277212 sending message 112 to peer 0x55d92bd146a0 (8 bytes)
1768786781.277216 sending message 112 to peer 0x55d92bd146a0 (13 bytes)
1768786781.277220 sending message 112 to peer 0x55d92bd146a0 (13 bytes)
1768786781.277224 sending message 112 to peer 0x55d92bd146a0 (13 bytes)
1768786781.277227 sending message 112 to peer 0x55d92bd146a0 (13 bytes)
1768786781.277231 sending message 112 to peer 0x55d92bd146a0 (13 bytes)
1768786781.277235 sending message 112 to peer 0x55d92bd146a0 (13 bytes)
1768786781.277239 sending message 112 to peer 0x55d92bd146a0 (13 bytes)
1768786781.277243 sending message 112 to peer 0x55d92bd146a0 (12 bytes)
1768786781.277246 sending message 112 to peer 0x55d92bd146a0 (12 bytes)
1768786781.277250 sending message 112 to peer 0x55d92bd146a0 (12 bytes)
1768786781.277254 sending message 112 to peer 0x55d92bd146a0 (8 bytes)
1768786781.277257 sending message 112 to peer 0x55d92bd146a0 (12 bytes)
1768786781.277267 sending message 112 to peer 0x55d92bd146a0 (13 bytes)
1768786781.277271 sending message 112 to peer 0x55d92bd146a0 (13 bytes)
1768786781.277275 sending message 112 to peer 0x55d92bd146a0 (13 bytes)
1768786781.277279 sending message 112 to peer 0x55d92bd146a0 (13 bytes)
1768786781.277282 sending message 112 to peer 0x55d92bd146a0 (13 bytes)
1768786781.277286 sending message 112 to peer 0x55d92bd146a0 (13 bytes)
1768786781.277290 sending message 112 to peer 0x55d92bd146a0 (13 bytes)
1768786781.277294 sending message 112 to peer 0x55d92bd146a0 (13 bytes)
1768786781.277297 sending message 112 to peer 0x55d92bd146a0 (12 bytes)
1768786781.277301 sending message 112 to peer 0x55d92bd146a0 (10 bytes)
1768786781.277305 sending message 112 to peer 0x55d92bd146a0 (12 bytes)
1768786781.277309 sending message 112 to peer 0x55d92bd146a0 (12 bytes)
1768786781.277313 sending message 112 to peer 0x55d92bd146a0 (12 bytes)
1768786781.277316 sending message 112 to peer 0x55d92bd146a0 (13 bytes)
1768786781.277320 sending message 112 to peer 0x55d92bd146a0 (13 bytes)
1768786781.277324 sending message 112 to peer 0x55d92bd146a0 (13 bytes)
1768786781.277328 sending message 112 to peer 0x55d92bd146a0 (13 bytes)
1768786781.277331 sending message 112 to peer 0x55d92bd146a0 (13 bytes)
1768786781.277335 sending message 112 to peer 0x55d92bd146a0 (13 bytes)
1768786781.277339 sending message 112 to peer 0x55d92bd146a0 (13 bytes)
1768786781.277343 sending message 112 to peer 0x55d92bd146a0 (10 bytes)
1768786781.277346 sending message 112 to peer 0x55d92bd146a0 (13 bytes)
1768786781.277350 sending message 112 to peer 0x55d92bd146a0 (12 bytes)
1768786781.277354 sending message 112 to peer 0x55d92bd146a0 (12 bytes)
1768786781.277358 sending message 112 to peer 0x55d92bd146a0 (12 bytes)
1768786781.277362 sending message 112 to peer 0x55d92bd146a0 (10 bytes)
1768786781.277365 sending message 112 to peer 0x55d92bd146a0 (10 bytes)
1768786781.277369 sending message 112 to peer 0x55d92bd146a0 (10 bytes)
1768786781.277373 sending message 112 to peer 0x55d92bd146a0 (12 bytes)
1768786781.277377 sending message 112 to peer 0x55d92bd146a0 (13 bytes)
1768786781.277380 sending message 112 to peer 0x55d92bd146a0 (13 bytes)
1768786781.277384 sending message 112 to peer 0x55d92bd146a0 (13 bytes)
1768786781.277388 sending message 112 to peer 0x55d92bd146a0 (13 bytes)
1768786781.277392 sending message 112 to peer 0x55d92bd146a0 (13 bytes)
1768786781.277395 sending message 112 to peer 0x55d92bd146a0 (11 bytes)
1768786781.277399 sending message 112 to peer 0x55d92bd146a0 (11 bytes)
1768786781.277403 sending message 112 to peer 0x55d92bd146a0 (12 bytes)
1768786781.277407 sending message 112 to peer 0x55d92bd146a0 (12 bytes)
1768786781.277411 sending message 112 to peer 0x55d92bd146a0 (12 bytes)
1768786781.277414 sending message 112 to peer 0x55d92bd146a0 (12 bytes)
1768786781.277418 sending message 112 to peer 0x55d92bd146a0 (12 bytes)
1768786781.277422 sending message 112 to peer 0x55d92bd146a0 (11 bytes)
1768786781.277426 sending message 112 to peer 0x55d92bd146a0 (12 bytes)
1768786781.277430 sending message 112 to peer 0x55d92bd146a0 (12 bytes)
1768786781.277433 sending message 112 to peer 0x55d92bd146a0 (13 bytes)
1768786781.277437 sending message 112 to peer 0x55d92bd146a0 (13 bytes)
1768786781.277441 sending message 112 to peer 0x55d92bd146a0 (13 bytes)
1768786781.277444 sending message 112 to peer 0x55d92bd146a0 (13 bytes)
1768786781.277448 sending message 112 to peer 0x55d92bd146a0 (13 bytes)
1768786781.277452 sending message 112 to peer 0x55d92bd146a0 (10 bytes)
1768786781.277456 sending message 112 to peer 0x55d92bd146a0 (9 bytes)
1768786781.277460 sending message 112 to peer 0x55d92bd146a0 (12 bytes)
1768786781.277463 sending message 112 to peer 0x55d92bd146a0 (13 bytes)
1768786781.277467 sending message 112 to peer 0x55d92bd146a0 (13 bytes)
1768786781.277471 sending message 112 to peer 0x55d92bd146a0 (13 bytes)
1768786781.277475 sending message 112 to peer 0x55d92bd146a0 (13 bytes)
1768786781.277478 sending message 112 to peer 0x55d92bd146a0 (13 bytes)
1768786781.277486 sending message 112 to peer 0x55d92bd146a0 (9 bytes)
1768786781.277490 sending message 112 to peer 0x55d92bd146a0 (12 bytes)
1768786781.277494 sending message 112 to peer 0x55d92bd146a0 (13 bytes)
1768786781.277498 sending message 112 to peer 0x55d92bd146a0 (13 bytes)
1768786781.277502 sending message 112 to peer 0x55d92bd146a0 (13 bytes)
1768786781.277506 sending message 112 to peer 0x55d92bd146a0 (13 bytes)
1768786781.277509 sending message 112 to peer 0x55d92bd146a0 (13 bytes)
1768786781.277513 sending message 112 to peer 0x55d92bd146a0 (11 bytes)
1768786781.277517 sending message 112 to peer 0x55d92bd146a0 (12 bytes)
1768786781.277521 sending message 112 to peer 0x55d92bd146a0 (13 bytes)
1768786781.277525 sending message 112 to peer 0x55d92bd146a0 (13 bytes)
1768786781.277529 sending message 112 to peer 0x55d92bd146a0 (13 bytes)
1768786781.277532 sending message 112 to peer 0x55d92bd146a0 (13 bytes)
1768786781.277536 sending message 112 to peer 0x55d92bd146a0 (13 bytes)
1768786781.277540 sending message 112 to peer 0x55d92bd146a0 (11 bytes)
1768786781.277544 sending message 112 to peer 0x55d92bd146a0 (12 bytes)
1768786781.277548 sending message 112 to peer 0x55d92bd146a0 (12 bytes)
1768786781.277551 sending message 112 to peer 0x55d92bd146a0 (12 bytes)
1768786781.277555 sending message 112 to peer 0x55d92bd146a0 (12 bytes)
1768786781.277559 sending message 112 to peer 0x55d92bd146a0 (12 bytes)
1768786781.277562 sending message 112 to peer 0x55d92bd146a0 (21 bytes)
1768786781.277566 sending message 112 to peer 0x55d92bd146a0 (12 bytes)
1768786781.277570 sending message 112 to peer 0x55d92bd146a0 (9 bytes)
1768786781.277574 sending message 112 to peer 0x55d92bd146a0 (6 bytes)
1768786781.277578 sending message 112 to peer 0x55d92bd146a0 (13 bytes)
1768786781.277582 sending message 112 to peer 0x55d92bd146a0 (8 bytes)
1768786781.277586 sending message 112 to peer 0x55d92bd146a0 (15 bytes)
1768786781.277589 sending message 112 to peer 0x55d92bd146a0 (13 bytes)
1768786781.277593 sending message 112 to peer 0x55d92bd146a0 (9 bytes)
1768786781.277597 sending message 112 to peer 0x55d92bd146a0 (70 bytes)
1768786781.277601 sending message 112 to peer 0x55d92bd146a0 (69 bytes)
1768786781.277605 sending message 112 to peer 0x55d92bd146a0 (10 bytes)
1768786781.277609 sending message 112 to peer 0x55d92bd146a0 (10 bytes)
1768786781.277613 sending message 112 to peer 0x55d92bd146a0 (8 bytes)
1768786781.277616 sending message 112 to peer 0x55d92bd146a0 (15 bytes)
1768786781.277620 sending message 112 to peer 0x55d92bd146a0 (13 bytes)
1768786781.277624 sending message 112 to peer 0x55d92bd146a0 (10 bytes)
1768786781.277628 sending message 112 to peer 0x55d92bd146a0 (10 bytes)
1768786781.277632 sending message 112 to peer 0x55d92bd146a0 (17 bytes)
1768786781.277636 sending message 112 to peer 0x55d92bd146a0 (10 bytes)
1768786781.277639 sending message 112 to peer 0x55d92bd146a0 (13 bytes)
1768786781.277643 sending message 112 to peer 0x55d92bd146a0 (9 bytes)
1768786781.277647 sending message 112 to peer 0x55d92bd146a0 (5 bytes)
1768786781.277651 sending message 112 to peer 0x55d92bd146a0 (15 bytes)
1768786781.277656 sending message 104 to peer 0x55d92bd146a0 (0 bytes)
1768786781.277661 sending message 110 to peer 0x55d92bd146a0 (0 bytes)
1768786781.277665 sending message 107 to peer 0x55d92bd146a0 (4 bytes)
1768786781.277670 sending message 105 to peer 0x55d92bd146a0 (20 bytes)
1768786781.277673 sending message 105 to peer 0x55d92bd146a0 (20 bytes)
1768786781.277677 sending message 105 to peer 0x55d92bd146a0 (14 bytes)
1768786781.277681 sending message 105 to peer 0x55d92bd146a0 (26 bytes)
1768786781.277685 sending message 105 to peer 0x55d92bd146a0 (35 bytes)
1768786781.277689 sending message 105 to peer 0x55d92bd146a0 (26 bytes)
1768786781.277693 sending message 105 to peer 0x55d92bd146a0 (18 bytes)
1768786781.277697 sending message 105 to peer 0x55d92bd146a0 (13 bytes)
1768786781.277701 sending message 105 to peer 0x55d92bd146a0 (13 bytes)
1768786781.277705 sending message 105 to peer 0x55d92bd146a0 (13 bytes)
1768786781.277712 sending message 105 to peer 0x55d92bd146a0 (21 bytes)
1768786781.277717 sending message 105 to peer 0x55d92bd146a0 (51 bytes)
1768786781.277720 sending message 105 to peer 0x55d92bd146a0 (13 bytes)
1768786781.277724 sending message 105 to peer 0x55d92bd146a0 (19 bytes)
1768786781.277737 sending message 105 to peer 0x55d92bd146a0 (21 bytes)
1768786781.277741 sending message 105 to peer 0x55d92bd146a0 (11 bytes)
1768786781.277745 sending message 105 to peer 0x55d92bd146a0 (15 bytes)
1768786781.277749 sending message 105 to peer 0x55d92bd146a0 (15 bytes)
1768786781.277752 sending message 105 to peer 0x55d92bd146a0 (16 bytes)
1768786781.277756 sending message 105 to peer 0x55d92bd146a0 (17 bytes)
1768786781.277760 sending message 105 to peer 0x55d92bd146a0 (49 bytes)
1768786781.277764 sending message 105 to peer 0x55d92bd146a0 (16 bytes)
1768786781.277768 sending message 105 to peer 0x55d92bd146a0 (23 bytes)
1768786781.277772 sending message 105 to peer 0x55d92bd146a0 (19 bytes)
1768786781.277776 sending message 105 to peer 0x55d92bd146a0 (10 bytes)
1768786781.277780 sending message 105 to peer 0x55d92bd146a0 (13 bytes)
1768786781.277784 sending message 105 to peer 0x55d92bd146a0 (21 bytes)
1768786781.277788 sending message 105 to peer 0x55d92bd146a0 (8 bytes)
1768786781.277791 sending message 105 to peer 0x55d92bd146a0 (17 bytes)
1768786781.277795 sending message 105 to peer 0x55d92bd146a0 (31 bytes)
1768786781.277799 sending message 105 to peer 0x55d92bd146a0 (12 bytes)
1768786781.277803 sending message 105 to peer 0x55d92bd146a0 (32 bytes)
1768786781.277807 sending message 105 to peer 0x55d92bd146a0 (50 bytes)
1768786781.277811 sending message 105 to peer 0x55d92bd146a0 (16 bytes)
1768786781.277815 sending message 105 to peer 0x55d92bd146a0 (11 bytes)
1768786781.277819 sending message 105 to peer 0x55d92bd146a0 (19 bytes)
1768786781.277823 sending message 105 to peer 0x55d92bd146a0 (148 bytes)
1768786781.277827 sending message 105 to peer 0x55d92bd146a0 (14 bytes)
1768786781.277831 sending message 105 to peer 0x55d92bd146a0 (54 bytes)
1768786781.277835 sending message 105 to peer 0x55d92bd146a0 (26 bytes)
1768786781.277839 sending message 105 to peer 0x55d92bd146a0 (19 bytes)
1768786781.277843 sending message 105 to peer 0x55d92bd146a0 (18 bytes)
1768786781.277847 sending message 105 to peer 0x55d92bd146a0 (16 bytes)
1768786781.277860 sending message 105 to peer 0x55d92bd146a0 (46 bytes)
1768786781.277864 sending message 106 to peer 0x55d92bd146a0 (0 bytes)
1768786781.277964 sending message 200 to peer 0x55d92bd146a0 (4 bytes)
1768786781.277969 client loop enter
1768786781.278345 peer 0x55d92bd146a0 message 303
1768786781.278354 open write file 2 -
1768786781.278377 sending message 305 to peer 0x55d92bd146a0 (8 bytes)
1768786781.278389 write check file 2
1768786781.278495 peer 0x55d92bd146a0 message 304
1768786781.278500 write 58 to file 2
1768786781.278524 peer 0x55d92bd146a0 message 203
1768786781.278529 file 2 58 bytes left
1768786781.278546 write check file 2
1768786781.278550 client loop exit
